Performing C SOURCE FILE Test CMAKE_HAVE_LIBC_PTHREAD failed with the following output:
Change Dir: /root/workfiles/Tengine/build/CMakeFiles/CMakeTmp

Run Build Command(s):/usr/bin/make cmTC_ff72f/fast && /usr/bin/make  -f CMakeFiles/cmTC_ff72f.dir/build.make CMakeFiles/cmTC_ff72f.dir/build
make[1]: Entering directory '/root/workfiles/Tengine/build/CMakeFiles/CMakeTmp'
Building C object CMakeFiles/cmTC_ff72f.dir/src.c.o
/usr/bin/cc -DCMAKE_HAVE_LIBC_PTHREAD  -std=gnu99 -o CMakeFiles/cmTC_ff72f.dir/src.c.o -c /root/workfiles/Tengine/build/CMakeFiles/CMakeTmp/src.c
Linking C executable cmTC_ff72f
/usr/local/bin/cmake -E cmake_link_script CMakeFiles/cmTC_ff72f.dir/link.txt --verbose=1
/usr/bin/cc CMakeFiles/cmTC_ff72f.dir/src.c.o -o cmTC_ff72f 
CMakeFiles/cmTC_ff72f.dir/src.c.o: In function `main':
src.c:(.text+0x48): undefined reference to `pthread_create'
src.c:(.text+0x50): undefined reference to `pthread_detach'
src.c:(.text+0x58): undefined reference to `pthread_cancel'
src.c:(.text+0x64): undefined reference to `pthread_join'
src.c:(.text+0x74): undefined reference to `pthread_atfork'
collect2: error: ld returned 1 exit status
CMakeFiles/cmTC_ff72f.dir/build.make:105: recipe for target 'cmTC_ff72f' failed
make[1]: *** [cmTC_ff72f] Error 1
make[1]: Leaving directory '/root/workfiles/Tengine/build/CMakeFiles/CMakeTmp'
Makefile:140: recipe for target 'cmTC_ff72f/fast' failed
make: *** [cmTC_ff72f/fast] Error 2


Source file was:
#include <pthread.h>

static void* test_func(void* data)
{
  return data;
}

int main(void)
{
  pthread_t thread;
  pthread_create(&thread, NULL, test_func, NULL);
  pthread_detach(thread);
  pthread_cancel(thread);
  pthread_join(thread, NULL);
  pthread_atfork(NULL, NULL, NULL);
  pthread_exit(NULL);

  return 0;
}

Determining if the function pthread_create exists in the pthreads failed with the following output:
Change Dir: /root/workfiles/Tengine/build/CMakeFiles/CMakeTmp

Run Build Command(s):/usr/bin/make cmTC_2b51f/fast && /usr/bin/make  -f CMakeFiles/cmTC_2b51f.dir/build.make CMakeFiles/cmTC_2b51f.dir/build
make[1]: Entering directory '/root/workfiles/Tengine/build/CMakeFiles/CMakeTmp'
Building C object CMakeFiles/cmTC_2b51f.dir/CheckFunctionExists.c.o
/usr/bin/cc   -DCHECK_FUNCTION_EXISTS=pthread_create -std=gnu99 -o CMakeFiles/cmTC_2b51f.dir/CheckFunctionExists.c.o -c /usr/local/share/cmake-3.19/Modules/CheckFunctionExists.c
Linking C executable cmTC_2b51f
/usr/local/bin/cmake -E cmake_link_script CMakeFiles/cmTC_2b51f.dir/link.txt --verbose=1
/usr/bin/cc  -DCHECK_FUNCTION_EXISTS=pthread_create CMakeFiles/cmTC_2b51f.dir/CheckFunctionExists.c.o -o cmTC_2b51f  -lpthreads 
/usr/bin/ld: cannot find -lpthreads
collect2: error: ld returned 1 exit status
CMakeFiles/cmTC_2b51f.dir/build.make:105: recipe for target 'cmTC_2b51f' failed
make[1]: *** [cmTC_2b51f] Error 1
make[1]: Leaving directory '/root/workfiles/Tengine/build/CMakeFiles/CMakeTmp'
Makefile:140: recipe for target 'cmTC_2b51f/fast' failed
make: *** [cmTC_2b51f/fast] Error 2



